Arguments: 
  C:\Program Files\nodejs\node.exe C:\Users\beyn\AppData\Roaming\npm\node_modules\yarn\bin\yarn.js add

PATH: 
  C:\Users\beyn\bin;C:\Program Files\Git\mingw64\bin;C:\Program Files\Git\usr\local\bin;C:\Program Files\Git\usr\bin;C:\Program Files\Git\usr\bin;C:\Program Files\Git\mingw64\bin;C:\Program Files\Git\usr\bin;C:\Users\beyn\bin;C:\Python39\Scripts;C:\Python39;C:\Python27;C:\Python27\Scripts;C:\Windows\system32;C:\Windows;C:\Windows\System32\Wbem;C:\Windows\System32\WindowsPowerShell\v1.0;C:\Windows\System32\OpenSSH;C:\Program Files\PuTTY;C:\Program Files\Git\cmd;C:\ProgramData\chocolatey\bin;C:\Program Files\Java\jdk1.8.0_211\bin;C:\Program Files\Go\bin;D:\xampp\php;D:\xampp\bin\mysql;C:\ProgramData\ComposerSetup\bin;C:\elasticsearch-7.13.4\bin;C:\phalcon-devtools;C:\Users\beyn\Downloads\kibana-7.14.0-windows-x86_64\kibana-7.14.0-windows-x86_64;C:\Program Files\Redis;C:\Program Files\nodejs;C:\Users\beyn\AppData\Local\Microsoft\WindowsApps;C:\Users\beyn\AppData\Local\Programs\Microsoft VS Code\bin;C:\Users\beyn\go\bin;D:\xampp\php;C:\Users\beyn\AppData\Roaming\Composer\vendor\bin;C:\elasticsearch-7.13.4\bin;C:\Users\beyn\AppData\Roaming\npm;C:\Program Files\Git\usr\bin\vendor_perl;C:\Program Files\Git\usr\bin\core_perl

Yarn version: 
  1.22.15

Node version: 
  12.16.3

Platform: 
  win32 x64

Trace: 
  SyntaxError: D:\Electron\electron-updater-test\package.json: Unexpected token } in JSON at position 246
      at JSON.parse (<anonymous>)
      at C:\Users\beyn\AppData\Roaming\npm\node_modules\yarn\lib\cli.js:1625:59
      at Generator.next (<anonymous>)
      at step (C:\Users\beyn\AppData\Roaming\npm\node_modules\yarn\lib\cli.js:310:30)
      at C:\Users\beyn\AppData\Roaming\npm\node_modules\yarn\lib\cli.js:321:13

npm manifest: 
  {
    "name": "electron-updater-test",
    "version": "1.0.0",
    "description": "",
    "main": "app.js",
    "dependencies": {
      "electron-updater": "^4.3.9"
    },
    "devDependencies": {
      "electron": "^15.1.1",
      "electron-builder": "^22.10.5",
    },
    "scripts": {
      "start": "electron ."
    },
    "keywords": [],
    "author": "Mehmet TOKMAK",
    "license": "ISC"
  }

yarn manifest: 
  No manifest

Lockfile: 
  No lockfile
